<?xml version="1.0" encoding="UTF-8"?>
<testng-results ignored="0" total="1" passed="1" failed="0" skipped="0">
  <reporter-output>
  </reporter-output>
  <suite started-at="2022-11-17T16:13:58 PST" name="Smoke Test Suite" finished-at="2022-11-17T16:14:11 PST" duration-ms="12302">
    <groups>
    </groups>
    <test started-at="2022-11-17T16:13:58 PST" name="Client Test" finished-at="2022-11-17T16:14:11 PST" duration-ms="12302">
      <class name="tek.sdet.testng.tests.smoke.TestNGParameterExample">
        <test-method is-config="true" signature="setUpTest()[pri:0, instance:tek.sdet.testng.tests.smoke.TestNGParameterExample@49c7b90e]" started-at="2022-11-17T16:13:59 PST" name="setUpTest" finished-at="2022-11-17T16:14:09 PST" duration-ms="9351" status="PASS">
          <reporter-output>
          </reporter-output>
        </test-method> <!-- setUpTest -->
        <test-method is-config="true" signature="initialTest()[pri:0, instance:tek.sdet.testng.tests.smoke.TestNGParameterExample@49c7b90e]" started-at="2022-11-17T16:14:09 PST" name="initialTest" finished-at="2022-11-17T16:14:09 PST" duration-ms="99" status="PASS">
          <reporter-output>
          </reporter-output>
        </test-method> <!-- initialTest -->
        <test-method signature="loginWithParametersExample(java.lang.String,java.lang.String)[pri:0, instance:tek.sdet.testng.tests.smoke.TestNGParameterExample@49c7b90e]" started-at="2022-11-17T16:14:09 PST" name="loginWithParametersExample" finished-at="2022-11-17T16:14:10 PST" duration-ms="1004" status="PASS">
          <params>
            <param index="0">
              <value>
                <![CDATA[supervisor]]>
              </value>
            </param>
            <param index="1">
              <value>
                <![CDATA[tek_supervisor]]>
              </value>
            </param>
          </params>
          <reporter-output>
          </reporter-output>
        </test-method> <!-- loginWithParametersExample -->
        <test-method is-config="true" signature="closeTest(org.testng.ITestResult)[pri:0, instance:tek.sdet.testng.tests.smoke.TestNGParameterExample@49c7b90e]" started-at="2022-11-17T16:14:10 PST" name="closeTest" finished-at="2022-11-17T16:14:11 PST" duration-ms="761" status="PASS">
          <params>
            <param index="0">
              <value>
                <![CDATA[[TestResult name=loginWithParametersExample status=SUCCESS method=TestNGParameterExample.loginWithParametersExample(java.lang.String,java.lang.String)[pri:0, instance:tek.sdet.testng.tests.smoke.TestNGParameterExample@49c7b90e] output={null}]]]>
              </value>
            </param>
          </params>
          <reporter-output>
          </reporter-output>
        </test-method> <!-- closeTest -->
      </class> <!-- tek.sdet.testng.tests.smoke.TestNGParameterExample -->
    </test> <!-- Client Test -->
  </suite> <!-- Smoke Test Suite -->
</testng-results>
